Performing system checks...

System check identified no issues (0 silenced).
April 29, 2024 - 17:46:33
Django version 5.0.4, using settings 'bbq_gmbh.settings'
Starting development server at http://127.0.0.1:8000/
Quit the server with CTRL-BREAK.

Performing system checks...

System check identified no issues (0 silenced).
April 29, 2024 - 19:38:36
Django version 5.0.4, using settings 'bbq_gmbh.settings'
Starting development server at http://127.0.0.1:8000/
Quit the server with CTRL-BREAK.

Performing system checks...

System check identified no issues (0 silenced).
April 29, 2024 - 19:59:28
Django version 5.0.4, using settings 'bbq_gmbh.settings'
Starting development server at http://127.0.0.1:8000/
Quit the server with CTRL-BREAK.

Performing system checks...

System check identified no issues (0 silenced).
April 29, 2024 - 20:03:11
Django version 5.0.4, using settings 'bbq_gmbh.settings'
Starting development server at http://127.0.0.1:8000/
Quit the server with CTRL-BREAK.

Incorrect password or user cannot authenticate
User does not exist
User does not exist
User does not exist
Performing system checks...

System check identified no issues (0 silenced).
April 30, 2024 - 10:24:57
Django version 5.0.4, using settings 'bbq_gmbh.settings'
Starting development server at http://127.0.0.1:8000/
Quit the server with CTRL-BREAK.

Performing system checks...

System check identified no issues (0 silenced).
April 30, 2024 - 12:07:01
Django version 5.0.4, using settings 'bbq_gmbh.settings'
Starting development server at http://127.0.0.1:8000/
Quit the server with CTRL-BREAK.

Performing system checks...

System check identified no issues (0 silenced).
April 30, 2024 - 12:10:01
Django version 5.0.4, using settings 'bbq_gmbh.settings'
Starting development server at http://127.0.0.1:8000/
Quit the server with CTRL-BREAK.

Performing system checks...

System check identified no issues (0 silenced).
April 30, 2024 - 12:53:52
Django version 5.0.4, using settings 'bbq_gmbh.settings'
Starting development server at http://127.0.0.1:8000/
Quit the server with CTRL-BREAK.

Performing system checks...

System check identified no issues (0 silenced).
April 30, 2024 - 13:34:16
Django version 5.0.4, using settings 'bbq_gmbh.settings'
Starting development server at http://127.0.0.1:8000/
Quit the server with CTRL-BREAK.

Performing system checks...

System check identified no issues (0 silenced).
April 30, 2024 - 13:34:20
Django version 5.0.4, using settings 'bbq_gmbh.settings'
Starting development server at http://127.0.0.1:8000/
Quit the server with CTRL-BREAK.

Performing system checks...

System check identified no issues (0 silenced).
April 30, 2024 - 13:39:34
Django version 5.0.4, using settings 'bbq_gmbh.settings'
Starting development server at http://127.0.0.1:8000/
Quit the server with CTRL-BREAK.

Performing system checks...

System check identified no issues (0 silenced).
April 30, 2024 - 14:05:20
Django version 5.0.4, using settings 'bbq_gmbh.settings'
Starting development server at http://127.0.0.1:8000/
Quit the server with CTRL-BREAK.

Performing system checks...

System check identified no issues (0 silenced).
April 30, 2024 - 14:05:34
Django version 5.0.4, using settings 'bbq_gmbh.settings'
Starting development server at http://127.0.0.1:8000/
Quit the server with CTRL-BREAK.

Performing system checks...

System check identified no issues (0 silenced).
April 30, 2024 - 14:13:32
Django version 5.0.4, using settings 'bbq_gmbh.settings'
Starting development server at http://127.0.0.1:8000/
Quit the server with CTRL-BREAK.

Performing system checks...

System check identified no issues (0 silenced).
April 30, 2024 - 14:19:31
Django version 5.0.4, using settings 'bbq_gmbh.settings'
Starting development server at http://127.0.0.1:8000/
Quit the server with CTRL-BREAK.

Performing system checks...

System check identified no issues (0 silenced).
April 30, 2024 - 14:35:30
Django version 5.0.4, using settings 'bbq_gmbh.settings'
Starting development server at http://127.0.0.1:8000/
Quit the server with CTRL-BREAK.

Performing system checks...

System check identified no issues (0 silenced).
April 30, 2024 - 14:48:47
Django version 5.0.4, using settings 'bbq_gmbh.settings'
Starting development server at http://127.0.0.1:8000/
Quit the server with CTRL-BREAK.

